<?xml version="1.0" encoding="UTF-8"?>
<!-- Generated by org.testng.reporters.JUnitReportReporter -->
<testsuite hostname="LAPTOP-DK46H0V5" failures="0" tests="1" name="com.demowebshop.testscripts.Register" time="2.023" errors="0" timestamp="2022-05-20T08:40:58 IST" skipped="0">
  <testcase classname="com.demowebshop.testscripts.Register" name="VerifyDemoWebShopRegisterWithValidData" time="2.023"/>
  <system-out/>
</testsuite> <!-- com.demowebshop.testscripts.Register -->
